-------------------
New output
- Command: 'echo "This is a fast echo command"'
- Delay:   2
- Output string:
"This is a fast echo command"
-------------------


-------------------
New output
- Command: 'echo "This is a fast echo command"'
- Delay:   2
- Output string:
"This is a fast echo command"
-------------------


-------------------
New output
- Command: 'echo "This is a fast echo command"'
- Delay:   2
- Output string:
"This is a fast echo command"
-------------------


-------------------
New output
- Command: 'echo "This is a fast echo command"'
- Delay:   2
- Output string:
"This is a fast echo command"
-------------------


-------------------
New output
- Command: 'echo "This is a fast echo command"'
- Delay:   2
- Output string:
"This is a fast echo command"
-------------------


-------------------
New output
- Command: 'echo "This is a fast echo command"'
- Delay:   2
- Output string:
"This is a fast echo command"
-------------------


-------------------
New output
- Command: 'echo "This is a fast echo command"'
- Delay:   2
- Output string:
"This is a fast echo command"
-------------------


-------------------
New output
- Command: 'echo "This is a slow echo command"'
- Delay:   5
- Output string:
"This is a slow echo command"
-------------------


-------------------
New output
- Command: 'echo "This is a fast echo command"'
- Delay:   2
- Output string:
"This is a fast echo command"
-------------------


-------------------
New output
- Command: 'echo "This is a fast echo command"'
- Delay:   2
- Output string:
"This is a fast echo command"
-------------------


-------------------
New output
- Command: 'echo "This is a fast echo command"'
- Delay:   2
- Output string:
"This is a fast echo command"
-------------------


-------------------
New output
- Command: 'echo "This is a slow echo command"'
- Delay:   5
- Output string:
"This is a slow echo command"
-------------------


-------------------
New output
- Command: 'ls'
- Delay:   6
- Output string:
Practical Exercises
README.md
cron.log
-------------------


-------------------
New output
- Command: 'echo "This is a fast echo command"'
- Delay:   2
- Output string:
"This is a fast echo command"
-------------------


-------------------
New output
- Command: 'echo "This is a fast echo command"'
- Delay:   2
- Output string:
"This is a fast echo command"
-------------------


-------------------
New output
- Command: 'echo "This is a slow echo command"'
- Delay:   5
- Output string:
"This is a slow echo command"
-------------------


-------------------
New output
- Command: 'echo "This is a fast echo command"'
- Delay:   2
- Output string:
"This is a fast echo command"
-------------------


-------------------
New output
- Command: 'ls'
- Delay:   6
- Output string:
Practical Exercises
README.md
cron.log
-------------------


